<?xml version="1.0" encoding="UTF-8"?>
<!-- Generated by org.testng.reporters.JUnitReportReporter -->
<testsuite hostname="Anupams-MacBook-Air.local" failures="0" tests="1" name="apidemo.LoginTOtekarch" time="2.794" errors="0" timestamp="2024-02-29T18:14:48 PST" skipped="0">
  <testcase classname="apidemo.LoginTOtekarch" name="logintoTekarchRequest" time="2.794"/>
</testsuite> <!-- apidemo.LoginTOtekarch -->
