<?xml version="1.0" encoding="UTF-8"?>
<!-- Generated by org.testng.reporters.JUnitReportReporter -->
<testsuite hostname="Anupams-MacBook-Air.local" failures="0" tests="1" name="apidemo.Get2" time="2.304" errors="0" timestamp="2024-02-29T11:51:13 PST" skipped="0">
  <testcase classname="apidemo.Get2" name="getUser" time="2.304"/>
</testsuite> <!-- apidemo.Get2 -->
