<?xml version="1.0" encoding="UTF-8"?>
<!-- Generated by org.testng.reporters.JUnitReportReporter -->
<testsuite hostname="Anupams-MacBook-Air.local" failures="0" tests="4" name="apidemo.GETdemo" time="4.808" errors="0" timestamp="2024-02-28T18:57:40 PST" skipped="0">
  <testcase classname="apidemo.GETdemo" name="getUser" time="2.405"/>
  <testcase classname="apidemo.GETdemo" name="createUser" time="1.427"/>
  <testcase classname="apidemo.GETdemo" name="updateUser" time="0.488"/>
  <testcase classname="apidemo.GETdemo" name="deleteUser" time="0.488"/>
</testsuite> <!-- apidemo.GETdemo -->
